<?xml version="1.0" encoding="UTF-8"?>
<coverage generated="1782357967984" clover="3.2.0">
  <project timestamp="1782357967984" name="All files">
    <metrics statements="115" coveredstatements="96" conditionals="70" coveredconditionals="49" methods="25" coveredmethods="20" elements="210" coveredelements="165" complexity="0" loc="115" ncloc="115" packages="1" files="1" classes="1"/>
    <file name="main.js" path="/private/tmp/ai-jobs/04e9c6eb-0a23-499e-912a-d77bcc1b5a8d/main.js">
      <metrics statements="115" coveredstatements="96" conditionals="70" coveredconditionals="49" methods="25" coveredmethods="20"/>
      <line num="18" count="7" type="cond" truecount="4" falsecount="0"/>
      <line num="20" count="4" type="stmt"/>
      <line num="21" count="4" type="stmt"/>
      <line num="22" count="4" type="stmt"/>
      <line num="23" count="4" type="stmt"/>
      <line num="24" count="4" type="stmt"/>
      <line num="28" count="4" type="stmt"/>
      <line num="29" count="4" type="stmt"/>
      <line num="30" count="1" type="stmt"/>
      <line num="31" count="1" type="stmt"/>
      <line num="36" count="4" type="stmt"/>
      <line num="37" count="15" type="cond" truecount="4" falsecount="0"/>
      <line num="38" count="10" type="stmt"/>
      <line num="39" count="10" type="stmt"/>
      <line num="48" count="1" type="stmt"/>
      <line num="61" count="19" type="stmt"/>
      <line num="62" count="19" type="stmt"/>
      <line num="64" count="19" type="cond" truecount="4" falsecount="0"/>
      <line num="66" count="15" type="cond" truecount="4" falsecount="0"/>
      <line num="67" count="5" type="stmt"/>
      <line num="68" count="5" type="cond" truecount="2" falsecount="0"/>
      <line num="71" count="14" type="cond" truecount="4" falsecount="0"/>
      <line num="72" count="2" type="stmt"/>
      <line num="73" count="2" type="cond" truecount="2" falsecount="0"/>
      <line num="76" count="13" type="stmt"/>
      <line num="85" count="15" type="stmt"/>
      <line num="86" count="15" type="cond" truecount="2" falsecount="0"/>
      <line num="88" count="14" type="stmt"/>
      <line num="89" count="14" type="cond" truecount="2" falsecount="0"/>
      <line num="90" count="3" type="stmt"/>
      <line num="91" count="3" type="stmt"/>
      <line num="92" count="3" type="stmt"/>
      <line num="94" count="11" type="stmt"/>
      <line num="95" count="11" type="stmt"/>
      <line num="96" count="11" type="stmt"/>
      <line num="106" count="3" type="stmt"/>
      <line num="107" count="3" type="stmt"/>
      <line num="108" count="3" type="stmt"/>
      <line num="109" count="9" type="stmt"/>
      <line num="110" count="9" type="stmt"/>
      <line num="111" count="9" type="cond" truecount="2" falsecount="0"/>
      <line num="113" count="3" type="stmt"/>
      <line num="127" count="3" type="stmt"/>
      <line num="128" count="3" type="stmt"/>
      <line num="130" count="3" type="stmt"/>
      <line num="131" count="3" type="stmt"/>
      <line num="132" count="3" type="stmt"/>
      <line num="144" count="5" type="cond" truecount="4" falsecount="0"/>
      <line num="147" count="3" type="stmt"/>
      <line num="148" count="9" type="stmt"/>
      <line num="149" count="0" type="stmt"/>
      <line num="150" count="0" type="stmt"/>
      <line num="153" count="9" type="stmt"/>
      <line num="154" count="0" type="cond" truecount="0" falsecount="2"/>
      <line num="155" count="0" type="stmt"/>
      <line num="156" count="0" type="stmt"/>
      <line num="161" count="3" type="stmt"/>
      <line num="162" count="3" type="stmt"/>
      <line num="164" count="3" type="cond" truecount="2" falsecount="0"/>
      <line num="166" count="1" type="stmt"/>
      <line num="167" count="1" type="cond" truecount="1" falsecount="1"/>
      <line num="168" count="1" type="stmt"/>
      <line num="171" count="2" type="stmt"/>
      <line num="172" count="2" type="stmt"/>
      <line num="173" count="2" type="stmt"/>
      <line num="176" count="2" type="cond" truecount="1" falsecount="1"/>
      <line num="177" count="2" type="cond" truecount="1" falsecount="1"/>
      <line num="178" count="2" type="cond" truecount="1" falsecount="1"/>
      <line num="180" count="2" type="stmt"/>
      <line num="181" count="2" type="stmt"/>
      <line num="182" count="2" type="stmt"/>
      <line num="185" count="2" type="stmt"/>
      <line num="186" count="2" type="stmt"/>
      <line num="187" count="2" type="stmt"/>
      <line num="189" count="0" type="stmt"/>
      <line num="191" count="2" type="cond" truecount="1" falsecount="1"/>
      <line num="192" count="2" type="cond" truecount="1" falsecount="1"/>
      <line num="193" count="2" type="cond" truecount="1" falsecount="1"/>
      <line num="198" count="3" type="cond" truecount="1" falsecount="1"/>
      <line num="199" count="3" type="stmt"/>
      <line num="200" count="1" type="stmt"/>
      <line num="201" count="1" type="stmt"/>
      <line num="202" count="3" type="stmt"/>
      <line num="204" count="1" type="stmt"/>
      <line num="205" count="1" type="stmt"/>
      <line num="206" count="1" type="stmt"/>
      <line num="216" count="1" type="stmt"/>
      <line num="217" count="0" type="stmt"/>
      <line num="218" count="0" type="stmt"/>
      <line num="219" count="0" type="cond" truecount="0" falsecount="2"/>
      <line num="220" count="0" type="stmt"/>
      <line num="221" count="0" type="cond" truecount="0" falsecount="2"/>
      <line num="222" count="0" type="stmt"/>
      <line num="223" count="0" type="stmt"/>
      <line num="227" count="0" type="stmt"/>
      <line num="228" count="0" type="stmt"/>
      <line num="238" count="1" type="cond" truecount="1" falsecount="1"/>
      <line num="239" count="0" type="stmt"/>
      <line num="240" count="0" type="cond" truecount="0" falsecount="2"/>
      <line num="244" count="0" type="stmt"/>
      <line num="252" count="1" type="stmt"/>
      <line num="253" count="1" type="stmt"/>
      <line num="254" count="1" type="stmt"/>
      <line num="256" count="1" type="stmt"/>
      <line num="257" count="1" type="stmt"/>
      <line num="258" count="1" type="stmt"/>
      <line num="259" count="1" type="stmt"/>
      <line num="261" count="1" type="stmt"/>
      <line num="262" count="1" type="stmt"/>
      <line num="264" count="1" type="stmt"/>
      <line num="267" count="1" type="cond" truecount="1" falsecount="1"/>
      <line num="268" count="0" type="stmt"/>
      <line num="270" count="1" type="stmt"/>
      <line num="277" count="1" type="cond" truecount="3" falsecount="1"/>
      <line num="278" count="1" type="stmt"/>
    </file>
  </project>
</coverage>
