{"/private/tmp/ai-jobs/04e9c6eb-0a23-499e-912a-d77bcc1b5a8d/main.js": {"path":"/private/tmp/ai-jobs/04e9c6eb-0a23-499e-912a-d77bcc1b5a8d/main.js","statementMap":{"0":{"start":{"line":18,"column":2},"end":{"line":18,"column":36}},"1":{"start":{"line":18,"column":29},"end":{"line":18,"column":36}},"2":{"start":{"line":20,"column":2},"end":{"line":25,"column":5}},"3":{"start":{"line":21,"column":23},"end":{"line":21,"column":70}},"4":{"start":{"line":22,"column":17},"end":{"line":22,"column":28}},"5":{"start":{"line":23,"column":4},"end":{"line":23,"column":55}},"6":{"start":{"line":24,"column":4},"end":{"line":24,"column":29}},"7":{"start":{"line":28,"column":2},"end":{"line":33,"column":5}},"8":{"start":{"line":29,"column":4},"end":{"line":32,"column":7}},"9":{"start":{"line":30,"column":6},"end":{"line":30,"column":52}},"10":{"start":{"line":31,"column":6},"end":{"line":31,"column":30}},"11":{"start":{"line":36,"column":2},"end":{"line":41,"column":5}},"12":{"start":{"line":37,"column":4},"end":{"line":40,"column":5}},"13":{"start":{"line":38,"column":6},"end":{"line":38,"column":52}},"14":{"start":{"line":39,"column":6},"end":{"line":39,"column":30}},"15":{"start":{"line":48,"column":17},"end":{"line":52,"column":1}},"16":{"start":{"line":61,"column":42},"end":{"line":61,"column":47}},"17":{"start":{"line":62,"column":18},"end":{"line":62,"column":30}},"18":{"start":{"line":64,"column":2},"end":{"line":64,"column":59}},"19":{"start":{"line":64,"column":34},"end":{"line":64,"column":59}},"20":{"start":{"line":66,"column":2},"end":{"line":69,"column":3}},"21":{"start":{"line":67,"column":20},"end":{"line":67,"column":43}},"22":{"start":{"line":68,"column":4},"end":{"line":68,"column":73}},"23":{"start":{"line":68,"column":51},"end":{"line":68,"column":73}},"24":{"start":{"line":71,"column":2},"end":{"line":74,"column":3}},"25":{"start":{"line":72,"column":20},"end":{"line":72,"column":48}},"26":{"start":{"line":73,"column":4},"end":{"line":73,"column":54}},"27":{"start":{"line":73,"column":32},"end":{"line":73,"column":54}},"28":{"start":{"line":76,"column":2},"end":{"line":76,"column":12}},"29":{"start":{"line":85,"column":18},"end":{"line":85,"column":64}},"30":{"start":{"line":86,"column":2},"end":{"line":86,"column":23}},"31":{"start":{"line":86,"column":16},"end":{"line":86,"column":23}},"32":{"start":{"line":88,"column":2},"end":{"line":88,"column":32}},"33":{"start":{"line":89,"column":2},"end":{"line":97,"column":3}},"34":{"start":{"line":90,"column":4},"end":{"line":90,"column":38}},"35":{"start":{"line":91,"column":4},"end":{"line":91,"column":47}},"36":{"start":{"line":92,"column":4},"end":{"line":92,"column":66}},"37":{"start":{"line":94,"column":4},"end":{"line":94,"column":41}},"38":{"start":{"line":95,"column":4},"end":{"line":95,"column":42}},"39":{"start":{"line":96,"column":4},"end":{"line":96,"column":46}},"40":{"start":{"line":106,"column":16},"end":{"line":106,"column":20}},"41":{"start":{"line":107,"column":17},"end":{"line":107,"column":65}},"42":{"start":{"line":108,"column":2},"end":{"line":112,"column":5}},"43":{"start":{"line":109,"column":16},"end":{"line":109,"column":36}},"44":{"start":{"line":110,"column":4},"end":{"line":110,"column":30}},"45":{"start":{"line":111,"column":4},"end":{"line":111,"column":29}},"46":{"start":{"line":111,"column":13},"end":{"line":111,"column":29}},"47":{"start":{"line":113,"column":2},"end":{"line":113,"column":17}},"48":{"start":{"line":127,"column":2},"end":{"line":134,"column":5}},"49":{"start":{"line":128,"column":4},"end":{"line":133,"column":12}},"50":{"start":{"line":130,"column":22},"end":{"line":130,"column":56}},"51":{"start":{"line":131,"column":6},"end":{"line":131,"column":61}},"52":{"start":{"line":132,"column":6},"end":{"line":132,"column":16}},"53":{"start":{"line":144,"column":2},"end":{"line":144,"column":34}},"54":{"start":{"line":144,"column":27},"end":{"line":144,"column":34}},"55":{"start":{"line":147,"column":2},"end":{"line":159,"column":5}},"56":{"start":{"line":148,"column":4},"end":{"line":151,"column":7}},"57":{"start":{"line":149,"column":18},"end":{"line":149,"column":38}},"58":{"start":{"line":150,"column":6},"end":{"line":150,"column":32}},"59":{"start":{"line":153,"column":4},"end":{"line":158,"column":7}},"60":{"start":{"line":154,"column":6},"end":{"line":157,"column":7}},"61":{"start":{"line":155,"column":20},"end":{"line":155,"column":40}},"62":{"start":{"line":156,"column":8},"end":{"line":156,"column":34}},"63":{"start":{"line":161,"column":2},"end":{"line":195,"column":5}},"64":{"start":{"line":162,"column":4},"end":{"line":162,"column":23}},"65":{"start":{"line":164,"column":4},"end":{"line":169,"column":5}},"66":{"start":{"line":166,"column":27},"end":{"line":166,"column":60}},"67":{"start":{"line":167,"column":6},"end":{"line":167,"column":45}},"68":{"start":{"line":167,"column":24},"end":{"line":167,"column":45}},"69":{"start":{"line":168,"column":6},"end":{"line":168,"column":13}},"70":{"start":{"line":171,"column":22},"end":{"line":171,"column":55}},"71":{"start":{"line":172,"column":20},"end":{"line":172,"column":57}},"72":{"start":{"line":173,"column":23},"end":{"line":173,"column":63}},"73":{"start":{"line":176,"column":4},"end":{"line":176,"column":45}},"74":{"start":{"line":176,"column":19},"end":{"line":176,"column":45}},"75":{"start":{"line":177,"column":4},"end":{"line":177,"column":39}},"76":{"start":{"line":177,"column":17},"end":{"line":177,"column":39}},"77":{"start":{"line":178,"column":4},"end":{"line":178,"column":46}},"78":{"start":{"line":178,"column":20},"end":{"line":178,"column":46}},"79":{"start":{"line":180,"column":4},"end":{"line":194,"column":5}},"80":{"start":{"line":181,"column":23},"end":{"line":181,"column":41}},"81":{"start":{"line":182,"column":6},"end":{"line":182,"column":37}},"82":{"start":{"line":185,"column":6},"end":{"line":185,"column":25}},"83":{"start":{"line":186,"column":6},"end":{"line":186,"column":31}},"84":{"start":{"line":187,"column":6},"end":{"line":187,"column":24}},"85":{"start":{"line":189,"column":6},"end":{"line":189,"column":56}},"86":{"start":{"line":191,"column":6},"end":{"line":191,"column":48}},"87":{"start":{"line":191,"column":21},"end":{"line":191,"column":48}},"88":{"start":{"line":192,"column":6},"end":{"line":192,"column":42}},"89":{"start":{"line":192,"column":19},"end":{"line":192,"column":42}},"90":{"start":{"line":193,"column":6},"end":{"line":193,"column":47}},"91":{"start":{"line":193,"column":22},"end":{"line":193,"column":47}},"92":{"start":{"line":198,"column":2},"end":{"line":208,"column":3}},"93":{"start":{"line":199,"column":4},"end":{"line":207,"column":7}},"94":{"start":{"line":200,"column":6},"end":{"line":200,"column":19}},"95":{"start":{"line":201,"column":6},"end":{"line":203,"column":9}},"96":{"start":{"line":202,"column":8},"end":{"line":202,"column":29}},"97":{"start":{"line":204,"column":6},"end":{"line":204,"column":30}},"98":{"start":{"line":205,"column":6},"end":{"line":205,"column":26}},"99":{"start":{"line":206,"column":6},"end":{"line":206,"column":43}},"100":{"start":{"line":216,"column":2},"end":{"line":230,"column":5}},"101":{"start":{"line":217,"column":4},"end":{"line":229,"column":7}},"102":{"start":{"line":218,"column":23},"end":{"line":218,"column":50}},"103":{"start":{"line":219,"column":6},"end":{"line":219,"column":35}},"104":{"start":{"line":219,"column":28},"end":{"line":219,"column":35}},"105":{"start":{"line":220,"column":21},"end":{"line":220,"column":53}},"106":{"start":{"line":221,"column":6},"end":{"line":221,"column":26}},"107":{"start":{"line":221,"column":19},"end":{"line":221,"column":26}},"108":{"start":{"line":222,"column":6},"end":{"line":222,"column":25}},"109":{"start":{"line":223,"column":22},"end":{"line":226,"column":7}},"110":{"start":{"line":227,"column":16},"end":{"line":227,"column":82}},"111":{"start":{"line":228,"column":6},"end":{"line":228,"column":54}},"112":{"start":{"line":238,"column":2},"end":{"line":238,"column":22}},"113":{"start":{"line":238,"column":15},"end":{"line":238,"column":22}},"114":{"start":{"line":239,"column":19},"end":{"line":243,"column":3}},"115":{"start":{"line":240,"column":4},"end":{"line":242,"column":11}},"116":{"start":{"line":244,"column":2},"end":{"line":244,"column":65}},"117":{"start":{"line":252,"column":17},"end":{"line":252,"column":54}},"118":{"start":{"line":253,"column":20},"end":{"line":253,"column":57}},"119":{"start":{"line":254,"column":2},"end":{"line":254,"column":35}},"120":{"start":{"line":256,"column":15},"end":{"line":256,"column":54}},"121":{"start":{"line":257,"column":20},"end":{"line":257,"column":59}},"122":{"start":{"line":258,"column":19},"end":{"line":258,"column":60}},"123":{"start":{"line":259,"column":2},"end":{"line":259,"column":45}},"124":{"start":{"line":261,"column":17},"end":{"line":261,"column":55}},"125":{"start":{"line":262,"column":2},"end":{"line":262,"column":27}},"126":{"start":{"line":264,"column":2},"end":{"line":264,"column":27}},"127":{"start":{"line":267,"column":0},"end":{"line":271,"column":1}},"128":{"start":{"line":268,"column":2},"end":{"line":268,"column":54}},"129":{"start":{"line":270,"column":2},"end":{"line":270,"column":9}},"130":{"start":{"line":277,"column":0},"end":{"line":286,"column":1}},"131":{"start":{"line":278,"column":2},"end":{"line":285,"column":4}}},"fnMap":{"0":{"name":"initMobileNav","decl":{"start":{"line":17,"column":9},"end":{"line":17,"column":22}},"loc":{"start":{"line":17,"column":42},"end":{"line":42,"column":1}},"line":17},"1":{"name":"(anonymous_1)","decl":{"start":{"line":20,"column":35},"end":{"line":20,"column":36}},"loc":{"start":{"line":20,"column":41},"end":{"line":25,"column":3}},"line":20},"2":{"name":"(anonymous_2)","decl":{"start":{"line":28,"column":57},"end":{"line":28,"column":58}},"loc":{"start":{"line":28,"column":67},"end":{"line":33,"column":3}},"line":28},"3":{"name":"(anonymous_3)","decl":{"start":{"line":29,"column":35},"end":{"line":29,"column":36}},"loc":{"start":{"line":29,"column":41},"end":{"line":32,"column":5}},"line":29},"4":{"name":"(anonymous_4)","decl":{"start":{"line":36,"column":37},"end":{"line":36,"column":38}},"loc":{"start":{"line":36,"column":44},"end":{"line":41,"column":3}},"line":36},"5":{"name":"validateField","decl":{"start":{"line":60,"column":9},"end":{"line":60,"column":22}},"loc":{"start":{"line":60,"column":30},"end":{"line":77,"column":1}},"line":60},"6":{"name":"setFieldError","decl":{"start":{"line":84,"column":9},"end":{"line":84,"column":22}},"loc":{"start":{"line":84,"column":39},"end":{"line":98,"column":1}},"line":84},"7":{"name":"validateForm","decl":{"start":{"line":105,"column":9},"end":{"line":105,"column":21}},"loc":{"start":{"line":105,"column":28},"end":{"line":114,"column":1}},"line":105},"8":{"name":"(anonymous_8)","decl":{"start":{"line":108,"column":17},"end":{"line":108,"column":18}},"loc":{"start":{"line":108,"column":28},"end":{"line":112,"column":3}},"line":108},"9":{"name":"submitFormData","decl":{"start":{"line":125,"column":9},"end":{"line":125,"column":23}},"loc":{"start":{"line":125,"column":30},"end":{"line":135,"column":1}},"line":125},"10":{"name":"(anonymous_10)","decl":{"start":{"line":127,"column":21},"end":{"line":127,"column":22}},"loc":{"start":{"line":127,"column":34},"end":{"line":134,"column":3}},"line":127},"11":{"name":"(anonymous_11)","decl":{"start":{"line":128,"column":15},"end":{"line":128,"column":16}},"loc":{"start":{"line":128,"column":21},"end":{"line":133,"column":5}},"line":128},"12":{"name":"initContactForm","decl":{"start":{"line":143,"column":9},"end":{"line":143,"column":24}},"loc":{"start":{"line":143,"column":52},"end":{"line":209,"column":1}},"line":143},"13":{"name":"(anonymous_13)","decl":{"start":{"line":147,"column":51},"end":{"line":147,"column":52}},"loc":{"start":{"line":147,"column":62},"end":{"line":159,"column":3}},"line":147},"14":{"name":"(anonymous_14)","decl":{"start":{"line":148,"column":35},"end":{"line":148,"column":36}},"loc":{"start":{"line":148,"column":41},"end":{"line":151,"column":5}},"line":148},"15":{"name":"(anonymous_15)","decl":{"start":{"line":153,"column":36},"end":{"line":153,"column":37}},"loc":{"start":{"line":153,"column":42},"end":{"line":158,"column":5}},"line":153},"16":{"name":"(anonymous_16)","decl":{"start":{"line":161,"column":34},"end":{"line":161,"column":35}},"loc":{"start":{"line":161,"column":47},"end":{"line":195,"column":3}},"line":161},"17":{"name":"(anonymous_17)","decl":{"start":{"line":199,"column":39},"end":{"line":199,"column":40}},"loc":{"start":{"line":199,"column":45},"end":{"line":207,"column":5}},"line":199},"18":{"name":"(anonymous_18)","decl":{"start":{"line":201,"column":55},"end":{"line":201,"column":56}},"loc":{"start":{"line":201,"column":62},"end":{"line":203,"column":7}},"line":201},"19":{"name":"initSmoothScrollOffset","decl":{"start":{"line":215,"column":9},"end":{"line":215,"column":31}},"loc":{"start":{"line":215,"column":34},"end":{"line":231,"column":1}},"line":215},"20":{"name":"(anonymous_20)","decl":{"start":{"line":216,"column":52},"end":{"line":216,"column":53}},"loc":{"start":{"line":216,"column":64},"end":{"line":230,"column":3}},"line":216},"21":{"name":"(anonymous_21)","decl":{"start":{"line":217,"column":37},"end":{"line":217,"column":38}},"loc":{"start":{"line":217,"column":44},"end":{"line":229,"column":5}},"line":217},"22":{"name":"initHeaderScroll","decl":{"start":{"line":237,"column":9},"end":{"line":237,"column":25}},"loc":{"start":{"line":237,"column":34},"end":{"line":245,"column":1}},"line":237},"23":{"name":"(anonymous_23)","decl":{"start":{"line":239,"column":19},"end":{"line":239,"column":20}},"loc":{"start":{"line":239,"column":25},"end":{"line":243,"column":3}},"line":239},"24":{"name":"init","decl":{"start":{"line":251,"column":9},"end":{"line":251,"column":13}},"loc":{"start":{"line":251,"column":16},"end":{"line":265,"column":1}},"line":251}},"branchMap":{"0":{"loc":{"start":{"line":18,"column":2},"end":{"line":18,"column":36}},"type":"if","locations":[{"start":{"line":18,"column":2},"end":{"line":18,"column":36}},{"start":{},"end":{}}],"line":18},"1":{"loc":{"start":{"line":18,"column":6},"end":{"line":18,"column":27}},"type":"binary-expr","locations":[{"start":{"line":18,"column":6},"end":{"line":18,"column":13}},{"start":{"line":18,"column":17},"end":{"line":18,"column":27}}],"line":18},"2":{"loc":{"start":{"line":37,"column":4},"end":{"line":40,"column":5}},"type":"if","locations":[{"start":{"line":37,"column":4},"end":{"line":40,"column":5}},{"start":{},"end":{}}],"line":37},"3":{"loc":{"start":{"line":37,"column":8},"end":{"line":37,"column":67}},"type":"binary-expr","locations":[{"start":{"line":37,"column":8},"end":{"line":37,"column":34}},{"start":{"line":37,"column":38},"end":{"line":37,"column":67}}],"line":37},"4":{"loc":{"start":{"line":64,"column":2},"end":{"line":64,"column":59}},"type":"if","locations":[{"start":{"line":64,"column":2},"end":{"line":64,"column":59}},{"start":{},"end":{}}],"line":64},"5":{"loc":{"start":{"line":64,"column":6},"end":{"line":64,"column":32}},"type":"binary-expr","locations":[{"start":{"line":64,"column":6},"end":{"line":64,"column":14}},{"start":{"line":64,"column":18},"end":{"line":64,"column":32}}],"line":64},"6":{"loc":{"start":{"line":66,"column":2},"end":{"line":69,"column":3}},"type":"if","locations":[{"start":{"line":66,"column":2},"end":{"line":69,"column":3}},{"start":{},"end":{}}],"line":66},"7":{"loc":{"start":{"line":66,"column":6},"end":{"line":66,"column":38}},"type":"binary-expr","locations":[{"start":{"line":66,"column":6},"end":{"line":66,"column":20}},{"start":{"line":66,"column":24},"end":{"line":66,"column":38}}],"line":66},"8":{"loc":{"start":{"line":68,"column":4},"end":{"line":68,"column":73}},"type":"if","locations":[{"start":{"line":68,"column":4},"end":{"line":68,"column":73}},{"start":{},"end":{}}],"line":68},"9":{"loc":{"start":{"line":71,"column":2},"end":{"line":74,"column":3}},"type":"if","locations":[{"start":{"line":71,"column":2},"end":{"line":74,"column":3}},{"start":{},"end":{}}],"line":71},"10":{"loc":{"start":{"line":71,"column":6},"end":{"line":71,"column":40}},"type":"binary-expr","locations":[{"start":{"line":71,"column":6},"end":{"line":71,"column":22}},{"start":{"line":71,"column":26},"end":{"line":71,"column":40}}],"line":71},"11":{"loc":{"start":{"line":73,"column":4},"end":{"line":73,"column":54}},"type":"if","locations":[{"start":{"line":73,"column":4},"end":{"line":73,"column":54}},{"start":{},"end":{}}],"line":73},"12":{"loc":{"start":{"line":86,"column":2},"end":{"line":86,"column":23}},"type":"if","locations":[{"start":{"line":86,"column":2},"end":{"line":86,"column":23}},{"start":{},"end":{}}],"line":86},"13":{"loc":{"start":{"line":89,"column":2},"end":{"line":97,"column":3}},"type":"if","locations":[{"start":{"line":89,"column":2},"end":{"line":97,"column":3}},{"start":{"line":93,"column":9},"end":{"line":97,"column":3}}],"line":89},"14":{"loc":{"start":{"line":111,"column":4},"end":{"line":111,"column":29}},"type":"if","locations":[{"start":{"line":111,"column":4},"end":{"line":111,"column":29}},{"start":{},"end":{}}],"line":111},"15":{"loc":{"start":{"line":144,"column":2},"end":{"line":144,"column":34}},"type":"if","locations":[{"start":{"line":144,"column":2},"end":{"line":144,"column":34}},{"start":{},"end":{}}],"line":144},"16":{"loc":{"start":{"line":144,"column":6},"end":{"line":144,"column":25}},"type":"binary-expr","locations":[{"start":{"line":144,"column":6},"end":{"line":144,"column":11}},{"start":{"line":144,"column":15},"end":{"line":144,"column":25}}],"line":144},"17":{"loc":{"start":{"line":154,"column":6},"end":{"line":157,"column":7}},"type":"if","locations":[{"start":{"line":154,"column":6},"end":{"line":157,"column":7}},{"start":{},"end":{}}],"line":154},"18":{"loc":{"start":{"line":164,"column":4},"end":{"line":169,"column":5}},"type":"if","locations":[{"start":{"line":164,"column":4},"end":{"line":169,"column":5}},{"start":{},"end":{}}],"line":164},"19":{"loc":{"start":{"line":167,"column":6},"end":{"line":167,"column":45}},"type":"if","locations":[{"start":{"line":167,"column":6},"end":{"line":167,"column":45}},{"start":{},"end":{}}],"line":167},"20":{"loc":{"start":{"line":176,"column":4},"end":{"line":176,"column":45}},"type":"if","locations":[{"start":{"line":176,"column":4},"end":{"line":176,"column":45}},{"start":{},"end":{}}],"line":176},"21":{"loc":{"start":{"line":177,"column":4},"end":{"line":177,"column":39}},"type":"if","locations":[{"start":{"line":177,"column":4},"end":{"line":177,"column":39}},{"start":{},"end":{}}],"line":177},"22":{"loc":{"start":{"line":178,"column":4},"end":{"line":178,"column":46}},"type":"if","locations":[{"start":{"line":178,"column":4},"end":{"line":178,"column":46}},{"start":{},"end":{}}],"line":178},"23":{"loc":{"start":{"line":191,"column":6},"end":{"line":191,"column":48}},"type":"if","locations":[{"start":{"line":191,"column":6},"end":{"line":191,"column":48}},{"start":{},"end":{}}],"line":191},"24":{"loc":{"start":{"line":192,"column":6},"end":{"line":192,"column":42}},"type":"if","locations":[{"start":{"line":192,"column":6},"end":{"line":192,"column":42}},{"start":{},"end":{}}],"line":192},"25":{"loc":{"start":{"line":193,"column":6},"end":{"line":193,"column":47}},"type":"if","locations":[{"start":{"line":193,"column":6},"end":{"line":193,"column":47}},{"start":{},"end":{}}],"line":193},"26":{"loc":{"start":{"line":198,"column":2},"end":{"line":208,"column":3}},"type":"if","locations":[{"start":{"line":198,"column":2},"end":{"line":208,"column":3}},{"start":{},"end":{}}],"line":198},"27":{"loc":{"start":{"line":219,"column":6},"end":{"line":219,"column":35}},"type":"if","locations":[{"start":{"line":219,"column":6},"end":{"line":219,"column":35}},{"start":{},"end":{}}],"line":219},"28":{"loc":{"start":{"line":221,"column":6},"end":{"line":221,"column":26}},"type":"if","locations":[{"start":{"line":221,"column":6},"end":{"line":221,"column":26}},{"start":{},"end":{}}],"line":221},"29":{"loc":{"start":{"line":224,"column":8},"end":{"line":224,"column":89}},"type":"binary-expr","locations":[{"start":{"line":224,"column":8},"end":{"line":224,"column":81}},{"start":{"line":224,"column":85},"end":{"line":224,"column":89}}],"line":224},"30":{"loc":{"start":{"line":238,"column":2},"end":{"line":238,"column":22}},"type":"if","locations":[{"start":{"line":238,"column":2},"end":{"line":238,"column":22}},{"start":{},"end":{}}],"line":238},"31":{"loc":{"start":{"line":240,"column":29},"end":{"line":242,"column":10}},"type":"cond-expr","locations":[{"start":{"line":241,"column":8},"end":{"line":241,"column":37}},{"start":{"line":242,"column":8},"end":{"line":242,"column":10}}],"line":240},"32":{"loc":{"start":{"line":267,"column":0},"end":{"line":271,"column":1}},"type":"if","locations":[{"start":{"line":267,"column":0},"end":{"line":271,"column":1}},{"start":{"line":269,"column":7},"end":{"line":271,"column":1}}],"line":267},"33":{"loc":{"start":{"line":277,"column":0},"end":{"line":286,"column":1}},"type":"if","locations":[{"start":{"line":277,"column":0},"end":{"line":286,"column":1}},{"start":{},"end":{}}],"line":277},"34":{"loc":{"start":{"line":277,"column":4},"end":{"line":277,"column":51}},"type":"binary-expr","locations":[{"start":{"line":277,"column":4},"end":{"line":277,"column":33}},{"start":{"line":277,"column":37},"end":{"line":277,"column":51}}],"line":277}},"s":{"0":7,"1":3,"2":4,"3":4,"4":4,"5":4,"6":4,"7":4,"8":4,"9":1,"10":1,"11":4,"12":15,"13":10,"14":10,"15":1,"16":19,"17":19,"18":19,"19":4,"20":15,"21":5,"22":5,"23":1,"24":14,"25":2,"26":2,"27":1,"28":13,"29":15,"30":15,"31":1,"32":14,"33":14,"34":3,"35":3,"36":3,"37":11,"38":11,"39":11,"40":3,"41":3,"42":3,"43":9,"44":9,"45":9,"46":2,"47":3,"48":3,"49":3,"50":3,"51":3,"52":3,"53":5,"54":2,"55":3,"56":9,"57":0,"58":0,"59":9,"60":0,"61":0,"62":0,"63":3,"64":3,"65":3,"66":1,"67":1,"68":1,"69":1,"70":2,"71":2,"72":2,"73":2,"74":2,"75":2,"76":2,"77":2,"78":2,"79":2,"80":2,"81":2,"82":2,"83":2,"84":2,"85":0,"86":2,"87":2,"88":2,"89":2,"90":2,"91":2,"92":3,"93":3,"94":1,"95":1,"96":3,"97":1,"98":1,"99":1,"100":1,"101":0,"102":0,"103":0,"104":0,"105":0,"106":0,"107":0,"108":0,"109":0,"110":0,"111":0,"112":1,"113":1,"114":0,"115":0,"116":0,"117":1,"118":1,"119":1,"120":1,"121":1,"122":1,"123":1,"124":1,"125":1,"126":1,"127":1,"128":0,"129":1,"130":1,"131":1},"f":{"0":7,"1":4,"2":4,"3":1,"4":15,"5":19,"6":15,"7":3,"8":9,"9":3,"10":3,"11":3,"12":5,"13":9,"14":0,"15":0,"16":3,"17":1,"18":3,"19":1,"20":0,"21":0,"22":1,"23":0,"24":1},"b":{"0":[3,4],"1":[7,5],"2":[10,5],"3":[15,11],"4":[4,15],"5":[19,11],"6":[5,10],"7":[15,6],"8":[1,4],"9":[2,12],"10":[14,6],"11":[1,1],"12":[1,14],"13":[3,11],"14":[2,7],"15":[2,3],"16":[5,3],"17":[0,0],"18":[1,2],"19":[1,0],"20":[2,0],"21":[2,0],"22":[2,0],"23":[2,0],"24":[2,0],"25":[2,0],"26":[3,0],"27":[0,0],"28":[0,0],"29":[0,0],"30":[1,0],"31":[0,0],"32":[0,1],"33":[1,0],"34":[1,1]},"_coverageSchema":"1a1c01bbd47fc00a2c39e90264f33305004495a9","hash":"18fea3f400fdf89376b30d72c9aee152b4823ab8"}
}
