TN:
SF:main.js
FN:17,initMobileNav
FN:20,(anonymous_1)
FN:28,(anonymous_2)
FN:29,(anonymous_3)
FN:36,(anonymous_4)
FN:60,validateField
FN:84,setFieldError
FN:105,validateForm
FN:108,(anonymous_8)
FN:125,submitFormData
FN:127,(anonymous_10)
FN:128,(anonymous_11)
FN:143,initContactForm
FN:147,(anonymous_13)
FN:148,(anonymous_14)
FN:153,(anonymous_15)
FN:161,(anonymous_16)
FN:199,(anonymous_17)
FN:201,(anonymous_18)
FN:215,initSmoothScrollOffset
FN:216,(anonymous_20)
FN:217,(anonymous_21)
FN:237,initHeaderScroll
FN:239,(anonymous_23)
FN:251,init
FNF:25
FNH:20
FNDA:7,initMobileNav
FNDA:4,(anonymous_1)
FNDA:4,(anonymous_2)
FNDA:1,(anonymous_3)
FNDA:15,(anonymous_4)
FNDA:19,validateField
FNDA:15,setFieldError
FNDA:3,validateForm
FNDA:9,(anonymous_8)
FNDA:3,submitFormData
FNDA:3,(anonymous_10)
FNDA:3,(anonymous_11)
FNDA:5,initContactForm
FNDA:9,(anonymous_13)
FNDA:0,(anonymous_14)
FNDA:0,(anonymous_15)
FNDA:3,(anonymous_16)
FNDA:1,(anonymous_17)
FNDA:3,(anonymous_18)
FNDA:1,initSmoothScrollOffset
FNDA:0,(anonymous_20)
FNDA:0,(anonymous_21)
FNDA:1,initHeaderScroll
FNDA:0,(anonymous_23)
FNDA:1,init
DA:18,7
DA:20,4
DA:21,4
DA:22,4
DA:23,4
DA:24,4
DA:28,4
DA:29,4
DA:30,1
DA:31,1
DA:36,4
DA:37,15
DA:38,10
DA:39,10
DA:48,1
DA:61,19
DA:62,19
DA:64,19
DA:66,15
DA:67,5
DA:68,5
DA:71,14
DA:72,2
DA:73,2
DA:76,13
DA:85,15
DA:86,15
DA:88,14
DA:89,14
DA:90,3
DA:91,3
DA:92,3
DA:94,11
DA:95,11
DA:96,11
DA:106,3
DA:107,3
DA:108,3
DA:109,9
DA:110,9
DA:111,9
DA:113,3
DA:127,3
DA:128,3
DA:130,3
DA:131,3
DA:132,3
DA:144,5
DA:147,3
DA:148,9
DA:149,0
DA:150,0
DA:153,9
DA:154,0
DA:155,0
DA:156,0
DA:161,3
DA:162,3
DA:164,3
DA:166,1
DA:167,1
DA:168,1
DA:171,2
DA:172,2
DA:173,2
DA:176,2
DA:177,2
DA:178,2
DA:180,2
DA:181,2
DA:182,2
DA:185,2
DA:186,2
DA:187,2
DA:189,0
DA:191,2
DA:192,2
DA:193,2
DA:198,3
DA:199,3
DA:200,1
DA:201,1
DA:202,3
DA:204,1
DA:205,1
DA:206,1
DA:216,1
DA:217,0
DA:218,0
DA:219,0
DA:220,0
DA:221,0
DA:222,0
DA:223,0
DA:227,0
DA:228,0
DA:238,1
DA:239,0
DA:240,0
DA:244,0
DA:252,1
DA:253,1
DA:254,1
DA:256,1
DA:257,1
DA:258,1
DA:259,1
DA:261,1
DA:262,1
DA:264,1
DA:267,1
DA:268,0
DA:270,1
DA:277,1
DA:278,1
LF:115
LH:96
BRDA:18,0,0,3
BRDA:18,0,1,4
BRDA:18,1,0,7
BRDA:18,1,1,5
BRDA:37,2,0,10
BRDA:37,2,1,5
BRDA:37,3,0,15
BRDA:37,3,1,11
BRDA:64,4,0,4
BRDA:64,4,1,15
BRDA:64,5,0,19
BRDA:64,5,1,11
BRDA:66,6,0,5
BRDA:66,6,1,10
BRDA:66,7,0,15
BRDA:66,7,1,6
BRDA:68,8,0,1
BRDA:68,8,1,4
BRDA:71,9,0,2
BRDA:71,9,1,12
BRDA:71,10,0,14
BRDA:71,10,1,6
BRDA:73,11,0,1
BRDA:73,11,1,1
BRDA:86,12,0,1
BRDA:86,12,1,14
BRDA:89,13,0,3
BRDA:89,13,1,11
BRDA:111,14,0,2
BRDA:111,14,1,7
BRDA:144,15,0,2
BRDA:144,15,1,3
BRDA:144,16,0,5
BRDA:144,16,1,3
BRDA:154,17,0,0
BRDA:154,17,1,0
BRDA:164,18,0,1
BRDA:164,18,1,2
BRDA:167,19,0,1
BRDA:167,19,1,0
BRDA:176,20,0,2
BRDA:176,20,1,0
BRDA:177,21,0,2
BRDA:177,21,1,0
BRDA:178,22,0,2
BRDA:178,22,1,0
BRDA:191,23,0,2
BRDA:191,23,1,0
BRDA:192,24,0,2
BRDA:192,24,1,0
BRDA:193,25,0,2
BRDA:193,25,1,0
BRDA:198,26,0,3
BRDA:198,26,1,0
BRDA:219,27,0,0
BRDA:219,27,1,0
BRDA:221,28,0,0
BRDA:221,28,1,0
BRDA:224,29,0,0
BRDA:224,29,1,0
BRDA:238,30,0,1
BRDA:238,30,1,0
BRDA:240,31,0,0
BRDA:240,31,1,0
BRDA:267,32,0,0
BRDA:267,32,1,1
BRDA:277,33,0,1
BRDA:277,33,1,0
BRDA:277,34,0,1
BRDA:277,34,1,1
BRF:70
BRH:49
end_of_record
